<?xml version="1.0" encoding="UTF-8"?>
<!-- Generated by org.testng.reporters.JUnitXMLReporter -->
<testsuite ignored="20" hostname="LAPTOP-QBOV2E4Q" failures="0" tests="6" name="Complete and finish scenario of Getting Random product with price" time="3.008" errors="0" timestamp="2025-06-10T18:32:49 GST">
  <testcase classname="Testcases.TC01_Login" name="LoginWithValidData_P" time="0.19"/>
  <testcase classname="Testcases.TC2_Products" name="Check_Click_AddCartBtn_Sauce_Labs_Bike_Light" time="0.088"/>
  <testcase classname="Testcases.TC03_YourCartPage" name="Click_CheckOutFromYourCart" time="0.051"/>
  <testcase classname="Testcases.TC04_CheckoutYourInformation" name="CheckoutYourInformation" time="0.171"/>
  <testcase classname="Testcases.TC05_CheckoutOverview" name="CheckoutOverview" time="0.084"/>
  <testcase classname="Testcases.TC06_CheckOutComplete" name="Check_ThanksMessage_Isavailable" time="0.035"/>
  <testcase classname="Testcases.TestBase" name="@BeforeTest setupDriver" time="0.0">
    <ignored/>
  </testcase> <!-- @BeforeTest setupDriver -->
  <testcase classname="Testcases.TestBase" name="@BeforeTest setupDriver" time="0.0">
    <ignored/>
  </testcase> <!-- @BeforeTest setupDriver -->
  <testcase classname="Testcases.TestBase" name="@BeforeSuite defineSuiteElements" time="0.0">
    <ignored/>
  </testcase> <!-- @BeforeSuite defineSuiteElements -->
  <testcase classname="Testcases.TestBase" name="@AfterTest quit" time="0.0">
    <ignored/>
  </testcase> <!-- @AfterTest quit -->
  <testcase classname="Testcases.TestBase" name="@BeforeSuite defineSuiteElements" time="0.0">
    <ignored/>
  </testcase> <!-- @BeforeSuite defineSuiteElements -->
  <testcase classname="Testcases.TestBase" name="@BeforeSuite defineSuiteElements" time="0.0">
    <ignored/>
  </testcase> <!-- @BeforeSuite defineSuiteElements -->
  <testcase classname="Testcases.TestBase" name="@BeforeTest setupDriver" time="0.0">
    <ignored/>
  </testcase> <!-- @BeforeTest setupDriver -->
  <testcase classname="Testcases.TestBase" name="@BeforeSuite defineSuiteElements" time="0.0">
    <ignored/>
  </testcase> <!-- @BeforeSuite defineSuiteElements -->
  <testcase classname="Testcases.TestBase" name="@BeforeTest setupDriver" time="0.0">
    <ignored/>
  </testcase> <!-- @BeforeTest setupDriver -->
  <testcase classname="Testcases.TestBase" name="@AfterSuite tearDown" time="0.0">
    <ignored/>
  </testcase> <!-- @AfterSuite tearDown -->
  <testcase classname="Testcases.TestBase" name="@AfterTest quit" time="0.0">
    <ignored/>
  </testcase> <!-- @AfterTest quit -->
  <testcase classname="Testcases.TestBase" name="@BeforeSuite defineSuiteElements" time="0.0">
    <ignored/>
  </testcase> <!-- @BeforeSuite defineSuiteElements -->
  <testcase classname="Testcases.TestBase" name="@AfterSuite tearDown" time="0.0">
    <ignored/>
  </testcase> <!-- @AfterSuite tearDown -->
  <testcase classname="Testcases.TestBase" name="@AfterTest quit" time="0.0">
    <ignored/>
  </testcase> <!-- @AfterTest quit -->
  <testcase classname="Testcases.TestBase" name="@BeforeTest setupDriver" time="0.0">
    <ignored/>
  </testcase> <!-- @BeforeTest setupDriver -->
  <testcase classname="Testcases.TestBase" name="@AfterSuite tearDown" time="0.0">
    <ignored/>
  </testcase> <!-- @AfterSuite tearDown -->
  <testcase classname="Testcases.TestBase" name="@AfterSuite tearDown" time="0.0">
    <ignored/>
  </testcase> <!-- @AfterSuite tearDown -->
  <testcase classname="Testcases.TestBase" name="@AfterTest quit" time="0.0">
    <ignored/>
  </testcase> <!-- @AfterTest quit -->
  <testcase classname="Testcases.TestBase" name="@AfterSuite tearDown" time="0.0">
    <ignored/>
  </testcase> <!-- @AfterSuite tearDown -->
  <testcase classname="Testcases.TestBase" name="@AfterTest quit" time="0.0">
    <ignored/>
  </testcase> <!-- @AfterTest quit -->
</testsuite> <!-- Complete and finish scenario of Getting Random product with price -->
