<?xml version="1.0" encoding="UTF-8"?>
<testng-results ignored="0" total="6" passed="6" failed="0" skipped="0">
  <reporter-output>
  </reporter-output>
  <suite started-at="2025-06-10T18:32:46 GST" name="All Test Suite" finished-at="2025-06-10T18:32:49 GST" duration-ms="3008">
    <groups>
    </groups>
    <test started-at="2025-06-10T18:32:46 GST" name="Complete and finish scenario of Getting Random product with price" finished-at="2025-06-10T18:32:49 GST" duration-ms="3008">
      <class name="Testcases.TC06_CheckOutComplete">
        <test-method signature="Check_ThanksMessage_Isavailable()[pri:1, instance:Testcases.TC06_CheckOutComplete@247bddad]" started-at="2025-06-10T18:32:49 GST" name="Check_ThanksMessage_Isavailable" description="Check_Get_RandomProducts" finished-at="2025-06-10T18:32:49 GST" duration-ms="35" status="PASS">
          <reporter-output>
          </reporter-output>
        </test-method> <!-- Check_ThanksMessage_Isavailable -->
        <test-method is-config="true" signature="getResult(org.testng.ITestResult)[pri:0, instance:Testcases.TC06_CheckOutComplete@247bddad]" started-at="2025-06-10T18:32:49 GST" name="getResult" finished-at="2025-06-10T18:32:49 GST" duration-ms="0" status="PASS">
          <params>
            <param index="0">
              <value>
                <![CDATA[[TestResult name=Check_ThanksMessage_Isavailable status=SUCCESS method=TC06_CheckOutComplete.Check_ThanksMessage_Isavailable()[pri:1, instance:Testcases.TC06_CheckOutComplete@247bddad] output={null}]]]>
              </value>
            </param>
          </params>
          <reporter-output>
          </reporter-output>
        </test-method> <!-- getResult -->
      </class> <!-- Testcases.TC06_CheckOutComplete -->
      <class name="Testcases.TC04_CheckoutYourInformation">
        <test-method signature="CheckoutYourInformation()[pri:1, instance:Testcases.TC04_CheckoutYourInformation@f5958c9]" started-at="2025-06-10T18:32:49 GST" name="CheckoutYourInformation" description="Check_Get_RandomProducts" finished-at="2025-06-10T18:32:49 GST" duration-ms="171" status="PASS">
          <reporter-output>
          </reporter-output>
        </test-method> <!-- CheckoutYourInformation -->
        <test-method is-config="true" signature="getResult(org.testng.ITestResult)[pri:0, instance:Testcases.TC04_CheckoutYourInformation@f5958c9]" started-at="2025-06-10T18:32:49 GST" name="getResult" finished-at="2025-06-10T18:32:49 GST" duration-ms="0" status="PASS">
          <params>
            <param index="0">
              <value>
                <![CDATA[[TestResult name=CheckoutYourInformation status=SUCCESS method=TC04_CheckoutYourInformation.CheckoutYourInformation()[pri:1, instance:Testcases.TC04_CheckoutYourInformation@f5958c9] output={null}]]]>
              </value>
            </param>
          </params>
          <reporter-output>
          </reporter-output>
        </test-method> <!-- getResult -->
      </class> <!-- Testcases.TC04_CheckoutYourInformation -->
      <class name="Testcases.TC01_Login">
        <test-method is-config="true" signature="defineSuiteElements()[pri:0, instance:Testcases.TC01_Login@1aafa419]" started-at="2025-06-10T18:32:46 GST" name="defineSuiteElements" finished-at="2025-06-10T18:32:46 GST" duration-ms="176" status="PASS">
          <reporter-output>
          </reporter-output>
        </test-method> <!-- defineSuiteElements -->
        <test-method is-config="true" signature="setupDriver(java.lang.String)[pri:0, instance:Testcases.TC01_Login@1aafa419]" started-at="2025-06-10T18:32:46 GST" name="setupDriver" finished-at="2025-06-10T18:32:48 GST" duration-ms="2207" status="PASS">
          <params>
            <param index="0">
              <value>
                <![CDATA[chrome-headless]]>
              </value>
            </param>
          </params>
          <reporter-output>
          </reporter-output>
        </test-method> <!-- setupDriver -->
        <test-method signature="LoginWithValidData_P()[pri:1, instance:Testcases.TC01_Login@1aafa419]" started-at="2025-06-10T18:32:48 GST" name="LoginWithValidData_P" description="Login With valid Email and Password" finished-at="2025-06-10T18:32:48 GST" duration-ms="190" status="PASS">
          <reporter-output>
          </reporter-output>
        </test-method> <!-- LoginWithValidData_P -->
        <test-method is-config="true" signature="getResult(org.testng.ITestResult)[pri:0, instance:Testcases.TC01_Login@1aafa419]" started-at="2025-06-10T18:32:48 GST" name="getResult" finished-at="2025-06-10T18:32:48 GST" duration-ms="0" status="PASS">
          <params>
            <param index="0">
              <value>
                <![CDATA[[TestResult name=LoginWithValidData_P status=SUCCESS method=TC01_Login.LoginWithValidData_P()[pri:1, instance:Testcases.TC01_Login@1aafa419] output={null}]]]>
              </value>
            </param>
          </params>
          <reporter-output>
          </reporter-output>
        </test-method> <!-- getResult -->
        <test-method is-config="true" signature="quit()[pri:0, instance:Testcases.TC01_Login@1aafa419]" started-at="2025-06-10T18:32:49 GST" name="quit" finished-at="2025-06-10T18:32:49 GST" duration-ms="140" status="PASS">
          <reporter-output>
          </reporter-output>
        </test-method> <!-- quit -->
        <test-method is-config="true" signature="tearDown()[pri:0, instance:Testcases.TC01_Login@1aafa419]" started-at="2025-06-10T18:32:49 GST" name="tearDown" finished-at="2025-06-10T18:32:49 GST" duration-ms="220" status="PASS">
          <reporter-output>
          </reporter-output>
        </test-method> <!-- tearDown -->
      </class> <!-- Testcases.TC01_Login -->
      <class name="Testcases.TC03_YourCartPage">
        <test-method signature="Click_CheckOutFromYourCart()[pri:1, instance:Testcases.TC03_YourCartPage@2d1ef81a]" started-at="2025-06-10T18:32:48 GST" name="Click_CheckOutFromYourCart" description="Check_Get_RandomProducts" finished-at="2025-06-10T18:32:49 GST" duration-ms="51" status="PASS">
          <reporter-output>
          </reporter-output>
        </test-method> <!-- Click_CheckOutFromYourCart -->
        <test-method is-config="true" signature="getResult(org.testng.ITestResult)[pri:0, instance:Testcases.TC03_YourCartPage@2d1ef81a]" started-at="2025-06-10T18:32:49 GST" name="getResult" finished-at="2025-06-10T18:32:49 GST" duration-ms="0" status="PASS">
          <params>
            <param index="0">
              <value>
                <![CDATA[[TestResult name=Click_CheckOutFromYourCart status=SUCCESS method=TC03_YourCartPage.Click_CheckOutFromYourCart()[pri:1, instance:Testcases.TC03_YourCartPage@2d1ef81a] output={null}]]]>
              </value>
            </param>
          </params>
          <reporter-output>
          </reporter-output>
        </test-method> <!-- getResult -->
      </class> <!-- Testcases.TC03_YourCartPage -->
      <class name="Testcases.TC05_CheckoutOverview">
        <test-method signature="CheckoutOverview()[pri:1, instance:Testcases.TC05_CheckoutOverview@2cd76f31]" started-at="2025-06-10T18:32:49 GST" name="CheckoutOverview" description="Check_Get_RandomProducts" finished-at="2025-06-10T18:32:49 GST" duration-ms="84" status="PASS">
          <reporter-output>
          </reporter-output>
        </test-method> <!-- CheckoutOverview -->
        <test-method is-config="true" signature="getResult(org.testng.ITestResult)[pri:0, instance:Testcases.TC05_CheckoutOverview@2cd76f31]" started-at="2025-06-10T18:32:49 GST" name="getResult" finished-at="2025-06-10T18:32:49 GST" duration-ms="0" status="PASS">
          <params>
            <param index="0">
              <value>
                <![CDATA[[TestResult name=CheckoutOverview status=SUCCESS method=TC05_CheckoutOverview.CheckoutOverview()[pri:1, instance:Testcases.TC05_CheckoutOverview@2cd76f31] output={null}]]]>
              </value>
            </param>
          </params>
          <reporter-output>
          </reporter-output>
        </test-method> <!-- getResult -->
      </class> <!-- Testcases.TC05_CheckoutOverview -->
      <class name="Testcases.TC2_Products">
        <test-method signature="Check_Click_AddCartBtn_Sauce_Labs_Bike_Light()[pri:1, instance:Testcases.TC2_Products@2b71e916]" started-at="2025-06-10T18:32:48 GST" name="Check_Click_AddCartBtn_Sauce_Labs_Bike_Light" description="Check_Get_RandomProducts" finished-at="2025-06-10T18:32:48 GST" duration-ms="88" status="PASS">
          <reporter-output>
          </reporter-output>
        </test-method> <!-- Check_Click_AddCartBtn_Sauce_Labs_Bike_Light -->
        <test-method is-config="true" signature="getResult(org.testng.ITestResult)[pri:0, instance:Testcases.TC2_Products@2b71e916]" started-at="2025-06-10T18:32:48 GST" name="getResult" finished-at="2025-06-10T18:32:48 GST" duration-ms="1" status="PASS">
          <params>
            <param index="0">
              <value>
                <![CDATA[[TestResult name=Check_Click_AddCartBtn_Sauce_Labs_Bike_Light status=SUCCESS method=TC2_Products.Check_Click_AddCartBtn_Sauce_Labs_Bike_Light()[pri:1, instance:Testcases.TC2_Products@2b71e916] output={null}]]]>
              </value>
            </param>
          </params>
          <reporter-output>
          </reporter-output>
        </test-method> <!-- getResult -->
      </class> <!-- Testcases.TC2_Products -->
    </test> <!-- Complete and finish scenario of Getting Random product with price -->
  </suite> <!-- All Test Suite -->
</testng-results>
